<?xml version="1.0" encoding="UTF-8"?>
<!-- Generated by org.testng.reporters.JUnitReportReporter -->
<testsuite skipped="0" hostname="DESKTOP-46E6TOF" name="deletecontactTest.deleteclasstest" tests="1" failures="0" timestamp="2022-07-20T14:43:26 IST" time="0.006" errors="0">
  <testcase name="DeleteTest" time="0.006" classname="deletecontactTest.deleteclasstest"/>
  <system-out/>
</testsuite> <!-- deletecontactTest.deleteclasstest -->
